e:\projects\c++\repairfb\x64\debug\repairfb.pch
e:\projects\c++\repairfb\x64\debug\vc141.pdb
e:\projects\c++\repairfb\x64\debug\vc141.idb
e:\projects\c++\repairfb\x64\debug\pch.obj
e:\projects\c++\repairfb\x64\debug\funcoes.obj
e:\projects\c++\repairfb\x64\debug\repairfb.obj
e:\projects\c++\repairfb\x64\debug\repairfb.pdb
e:\projects\c++\repairfb\x64\debug\repairfb.tlog\cl.command.1.tlog
e:\projects\c++\repairfb\x64\debug\repairfb.tlog\cl.read.1.tlog
e:\projects\c++\repairfb\x64\debug\repairfb.tlog\cl.write.1.tlog
e:\projects\c++\repairfb\x64\debug\repairfb.tlog\link-cvtres.read.1.tlog
e:\projects\c++\repairfb\x64\debug\repairfb.tlog\link-cvtres.write.1.tlog
e:\projects\c++\repairfb\x64\debug\repairfb.tlog\link-rc.read.1.tlog
e:\projects\c++\repairfb\x64\debug\repairfb.tlog\link-rc.write.1.tlog
e:\projects\c++\repairfb\x64\debug\repairfb.tlog\link.5148-cvtres.read.1.tlog
e:\projects\c++\repairfb\x64\debug\repairfb.tlog\link.5148-cvtres.write.1.tlog
e:\projects\c++\repairfb\x64\debug\repairfb.tlog\link.5148-rc.read.1.tlog
e:\projects\c++\repairfb\x64\debug\repairfb.tlog\link.5148-rc.write.1.tlog
e:\projects\c++\repairfb\x64\debug\repairfb.tlog\link.5148.read.1.tlog
e:\projects\c++\repairfb\x64\debug\repairfb.tlog\link.5148.write.1.tlog
e:\projects\c++\repairfb\x64\debug\repairfb.tlog\link.command.1.tlog
e:\projects\c++\repairfb\x64\debug\repairfb.tlog\link.read.1.tlog
e:\projects\c++\repairfb\x64\debug\repairfb.tlog\link.write.1.tlog
